ARM GAS  /var/folders/26/q55yrwgs1ql1lprjdslmzz800000gn/T//ccbBbYGY.s 			page 1


   1              		.cpu cortex-m7
   2              		.arch armv7e-m
   3              		.fpu fpv5-d16
   4              		.eabi_attribute 28, 1
   5              		.eabi_attribute 20, 1
   6              		.eabi_attribute 21, 1
   7              		.eabi_attribute 23, 3
   8              		.eabi_attribute 24, 1
   9              		.eabi_attribute 25, 1
  10              		.eabi_attribute 26, 1
  11              		.eabi_attribute 30, 1
  12              		.eabi_attribute 34, 1
  13              		.eabi_attribute 18, 4
  14              		.file	"freertos.c"
  15              		.text
  16              	.Ltext0:
  17              		.cfi_sections	.debug_frame
  18              		.section	.text.StartDefaultTask,"ax",%progbits
  19              		.align	1
  20              		.global	StartDefaultTask
  21              		.syntax unified
  22              		.thumb
  23              		.thumb_func
  25              	StartDefaultTask:
  26              	.LFB149:
  27              		.file 1 "Core/Src/freertos.c"
   1:Core/Src/freertos.c **** /* USER CODE BEGIN Header */
   2:Core/Src/freertos.c **** /**
   3:Core/Src/freertos.c ****   ******************************************************************************
   4:Core/Src/freertos.c ****   * File Name          : freertos.c
   5:Core/Src/freertos.c ****   * Description        : Code for freertos applications
   6:Core/Src/freertos.c ****   ******************************************************************************
   7:Core/Src/freertos.c ****   * @attention
   8:Core/Src/freertos.c ****   *
   9:Core/Src/freertos.c ****   * <h2><center>&copy; Copyright (c) 2021 STMicroelectronics.
  10:Core/Src/freertos.c ****   * All rights reserved.</center></h2>
  11:Core/Src/freertos.c ****   *
  12:Core/Src/freertos.c ****   * This software component is licensed by ST under Ultimate Liberty license
  13:Core/Src/freertos.c ****   * SLA0044, the "License"; You may not use this file except in compliance with
  14:Core/Src/freertos.c ****   * the License. You may obtain a copy of the License at:
  15:Core/Src/freertos.c ****   *                             www.st.com/SLA0044
  16:Core/Src/freertos.c ****   *
  17:Core/Src/freertos.c ****   ******************************************************************************
  18:Core/Src/freertos.c ****   */
  19:Core/Src/freertos.c **** /* USER CODE END Header */
  20:Core/Src/freertos.c **** 
  21:Core/Src/freertos.c **** /* Includes ------------------------------------------------------------------*/
  22:Core/Src/freertos.c **** #include "FreeRTOS.h"
  23:Core/Src/freertos.c **** #include "task.h"
  24:Core/Src/freertos.c **** #include "main.h"
  25:Core/Src/freertos.c **** #include "cmsis_os.h"
  26:Core/Src/freertos.c **** 
  27:Core/Src/freertos.c **** /* Private includes ----------------------------------------------------------*/
  28:Core/Src/freertos.c **** /* USER CODE BEGIN Includes */
  29:Core/Src/freertos.c **** 
  30:Core/Src/freertos.c **** /* USER CODE END Includes */
  31:Core/Src/freertos.c **** 
ARM GAS  /var/folders/26/q55yrwgs1ql1lprjdslmzz800000gn/T//ccbBbYGY.s 			page 2


  32:Core/Src/freertos.c **** /* Private typedef -----------------------------------------------------------*/
  33:Core/Src/freertos.c **** /* USER CODE BEGIN PTD */
  34:Core/Src/freertos.c **** 
  35:Core/Src/freertos.c **** /* USER CODE END PTD */
  36:Core/Src/freertos.c **** 
  37:Core/Src/freertos.c **** /* Private define ------------------------------------------------------------*/
  38:Core/Src/freertos.c **** /* USER CODE BEGIN PD */
  39:Core/Src/freertos.c **** 
  40:Core/Src/freertos.c **** /* USER CODE END PD */
  41:Core/Src/freertos.c **** 
  42:Core/Src/freertos.c **** /* Private macro -------------------------------------------------------------*/
  43:Core/Src/freertos.c **** /* USER CODE BEGIN PM */
  44:Core/Src/freertos.c **** 
  45:Core/Src/freertos.c **** /* USER CODE END PM */
  46:Core/Src/freertos.c **** 
  47:Core/Src/freertos.c **** /* Private variables ---------------------------------------------------------*/
  48:Core/Src/freertos.c **** /* USER CODE BEGIN Variables */
  49:Core/Src/freertos.c **** 
  50:Core/Src/freertos.c **** /* USER CODE END Variables */
  51:Core/Src/freertos.c **** /* Definitions for defaultTask */
  52:Core/Src/freertos.c **** osThreadId_t defaultTaskHandle;
  53:Core/Src/freertos.c **** const osThreadAttr_t defaultTask_attributes = {
  54:Core/Src/freertos.c ****   .name = "defaultTask",
  55:Core/Src/freertos.c ****   .stack_size = 128 * 4,
  56:Core/Src/freertos.c ****   .priority = (osPriority_t) osPriorityNormal,
  57:Core/Src/freertos.c **** };
  58:Core/Src/freertos.c **** 
  59:Core/Src/freertos.c **** /* Private function prototypes -----------------------------------------------*/
  60:Core/Src/freertos.c **** /* USER CODE BEGIN FunctionPrototypes */
  61:Core/Src/freertos.c **** 
  62:Core/Src/freertos.c **** /* USER CODE END FunctionPrototypes */
  63:Core/Src/freertos.c **** 
  64:Core/Src/freertos.c **** void StartDefaultTask(void *argument);
  65:Core/Src/freertos.c **** 
  66:Core/Src/freertos.c **** void MX_FREERTOS_Init(void); /* (MISRA C 2004 rule 8.1) */
  67:Core/Src/freertos.c **** 
  68:Core/Src/freertos.c **** /**
  69:Core/Src/freertos.c ****   * @brief  FreeRTOS initialization
  70:Core/Src/freertos.c ****   * @param  None
  71:Core/Src/freertos.c ****   * @retval None
  72:Core/Src/freertos.c ****   */
  73:Core/Src/freertos.c **** void MX_FREERTOS_Init(void) {
  74:Core/Src/freertos.c ****   /* USER CODE BEGIN Init */
  75:Core/Src/freertos.c **** 
  76:Core/Src/freertos.c ****   /* USER CODE END Init */
  77:Core/Src/freertos.c **** 
  78:Core/Src/freertos.c ****   /* USER CODE BEGIN RTOS_MUTEX */
  79:Core/Src/freertos.c ****   /* add mutexes, ... */
  80:Core/Src/freertos.c ****   /* USER CODE END RTOS_MUTEX */
  81:Core/Src/freertos.c **** 
  82:Core/Src/freertos.c ****   /* USER CODE BEGIN RTOS_SEMAPHORES */
  83:Core/Src/freertos.c ****   /* add semaphores, ... */
  84:Core/Src/freertos.c ****   /* USER CODE END RTOS_SEMAPHORES */
  85:Core/Src/freertos.c **** 
  86:Core/Src/freertos.c ****   /* USER CODE BEGIN RTOS_TIMERS */
  87:Core/Src/freertos.c ****   /* start timers, add new ones, ... */
  88:Core/Src/freertos.c ****   /* USER CODE END RTOS_TIMERS */
ARM GAS  /var/folders/26/q55yrwgs1ql1lprjdslmzz800000gn/T//ccbBbYGY.s 			page 3


  89:Core/Src/freertos.c **** 
  90:Core/Src/freertos.c ****   /* USER CODE BEGIN RTOS_QUEUES */
  91:Core/Src/freertos.c ****   /* add queues, ... */
  92:Core/Src/freertos.c ****   /* USER CODE END RTOS_QUEUES */
  93:Core/Src/freertos.c **** 
  94:Core/Src/freertos.c ****   /* Create the thread(s) */
  95:Core/Src/freertos.c ****   /* creation of defaultTask */
  96:Core/Src/freertos.c ****   defaultTaskHandle = osThreadNew(StartDefaultTask, NULL, &defaultTask_attributes);
  97:Core/Src/freertos.c **** 
  98:Core/Src/freertos.c ****   /* USER CODE BEGIN RTOS_THREADS */
  99:Core/Src/freertos.c ****   /* add threads, ... */
 100:Core/Src/freertos.c ****   /* USER CODE END RTOS_THREADS */
 101:Core/Src/freertos.c **** 
 102:Core/Src/freertos.c ****   /* USER CODE BEGIN RTOS_EVENTS */
 103:Core/Src/freertos.c ****   /* add events, ... */
 104:Core/Src/freertos.c ****   /* USER CODE END RTOS_EVENTS */
 105:Core/Src/freertos.c **** 
 106:Core/Src/freertos.c **** }
 107:Core/Src/freertos.c **** 
 108:Core/Src/freertos.c **** /* USER CODE BEGIN Header_StartDefaultTask */
 109:Core/Src/freertos.c **** /**
 110:Core/Src/freertos.c ****   * @brief  Function implementing the defaultTask thread.
 111:Core/Src/freertos.c ****   * @param  argument: Not used
 112:Core/Src/freertos.c ****   * @retval None
 113:Core/Src/freertos.c ****   */
 114:Core/Src/freertos.c **** /* USER CODE END Header_StartDefaultTask */
 115:Core/Src/freertos.c **** void StartDefaultTask(void *argument)
 116:Core/Src/freertos.c **** {
  28              		.loc 1 116 1 view -0
  29              		.cfi_startproc
  30              		@ Volatile: function does not return.
  31              		@ args = 0, pretend = 0, frame = 0
  32              		@ frame_needed = 0, uses_anonymous_args = 0
  33              	.LVL0:
  34              		.loc 1 116 1 is_stmt 0 view .LVU1
  35 0000 08B5     		push	{r3, lr}
  36              	.LCFI0:
  37              		.cfi_def_cfa_offset 8
  38              		.cfi_offset 3, -8
  39              		.cfi_offset 14, -4
  40              	.LVL1:
  41              	.L2:
 117:Core/Src/freertos.c ****   /* USER CODE BEGIN StartDefaultTask */
 118:Core/Src/freertos.c ****   /* Infinite loop */
 119:Core/Src/freertos.c ****   for(;;)
  42              		.loc 1 119 3 is_stmt 1 discriminator 1 view .LVU2
 120:Core/Src/freertos.c ****   {
 121:Core/Src/freertos.c ****     osDelay(1);
  43              		.loc 1 121 5 discriminator 1 view .LVU3
  44 0002 0120     		movs	r0, #1
  45 0004 FFF7FEFF 		bl	osDelay
  46              	.LVL2:
 119:Core/Src/freertos.c ****   {
  47              		.loc 1 119 8 discriminator 1 view .LVU4
  48 0008 FBE7     		b	.L2
  49              		.cfi_endproc
  50              	.LFE149:
ARM GAS  /var/folders/26/q55yrwgs1ql1lprjdslmzz800000gn/T//ccbBbYGY.s 			page 4


  52              		.section	.text.MX_FREERTOS_Init,"ax",%progbits
  53              		.align	1
  54              		.global	MX_FREERTOS_Init
  55              		.syntax unified
  56              		.thumb
  57              		.thumb_func
  59              	MX_FREERTOS_Init:
  60              	.LFB148:
  73:Core/Src/freertos.c ****   /* USER CODE BEGIN Init */
  61              		.loc 1 73 29 view -0
  62              		.cfi_startproc
  63              		@ args = 0, pretend = 0, frame = 0
  64              		@ frame_needed = 0, uses_anonymous_args = 0
  65 0000 08B5     		push	{r3, lr}
  66              	.LCFI1:
  67              		.cfi_def_cfa_offset 8
  68              		.cfi_offset 3, -8
  69              		.cfi_offset 14, -4
  96:Core/Src/freertos.c **** 
  70              		.loc 1 96 3 view .LVU6
  96:Core/Src/freertos.c **** 
  71              		.loc 1 96 23 is_stmt 0 view .LVU7
  72 0002 044A     		ldr	r2, .L6
  73 0004 0021     		movs	r1, #0
  74 0006 0448     		ldr	r0, .L6+4
  75 0008 FFF7FEFF 		bl	osThreadNew
  76              	.LVL3:
  96:Core/Src/freertos.c **** 
  77              		.loc 1 96 21 view .LVU8
  78 000c 034B     		ldr	r3, .L6+8
  79 000e 1860     		str	r0, [r3]
 106:Core/Src/freertos.c **** 
  80              		.loc 1 106 1 view .LVU9
  81 0010 08BD     		pop	{r3, pc}
  82              	.L7:
  83 0012 00BF     		.align	2
  84              	.L6:
  85 0014 00000000 		.word	.LANCHOR0
  86 0018 00000000 		.word	StartDefaultTask
  87 001c 00000000 		.word	.LANCHOR1
  88              		.cfi_endproc
  89              	.LFE148:
  91              		.global	defaultTask_attributes
  92              		.section	.rodata.str1.4,"aMS",%progbits,1
  93              		.align	2
  94              	.LC0:
  95 0000 64656661 		.ascii	"defaultTask\000"
  95      756C7454 
  95      61736B00 
  96              		.global	defaultTaskHandle
  97              		.section	.bss.defaultTaskHandle,"aw",%nobits
  98              		.align	2
  99              		.set	.LANCHOR1,. + 0
 102              	defaultTaskHandle:
 103 0000 00000000 		.space	4
 104              		.section	.rodata.defaultTask_attributes,"a"
 105              		.align	2
ARM GAS  /var/folders/26/q55yrwgs1ql1lprjdslmzz800000gn/T//ccbBbYGY.s 			page 5


 106              		.set	.LANCHOR0,. + 0
 109              	defaultTask_attributes:
 110 0000 00000000 		.word	.LC0
 111 0004 00000000 		.space	16
 111      00000000 
 111      00000000 
 111      00000000 
 112 0014 00020000 		.word	512
 113 0018 18000000 		.word	24
 114 001c 00000000 		.space	8
 114      00000000 
 115              		.text
 116              	.Letext0:
 117              		.file 2 "/usr/local/Cellar/arm-gcc-bin@10/10.3-2021.10_1/arm-none-eabi/include/machine/_default_ty
 118              		.file 3 "/usr/local/Cellar/arm-gcc-bin@10/10.3-2021.10_1/arm-none-eabi/include/sys/_stdint.h"
 119              		.file 4 "Middlewares/Third_Party/FreeRTOS/Source/CMSIS_RTOS_V2/cmsis_os2.h"
ARM GAS  /var/folders/26/q55yrwgs1ql1lprjdslmzz800000gn/T//ccbBbYGY.s 			page 6


DEFINED SYMBOLS
                            *ABS*:0000000000000000 freertos.c
/var/folders/26/q55yrwgs1ql1lprjdslmzz800000gn/T//ccbBbYGY.s:19     .text.StartDefaultTask:0000000000000000 $t
/var/folders/26/q55yrwgs1ql1lprjdslmzz800000gn/T//ccbBbYGY.s:25     .text.StartDefaultTask:0000000000000000 StartDefaultTask
/var/folders/26/q55yrwgs1ql1lprjdslmzz800000gn/T//ccbBbYGY.s:53     .text.MX_FREERTOS_Init:0000000000000000 $t
/var/folders/26/q55yrwgs1ql1lprjdslmzz800000gn/T//ccbBbYGY.s:59     .text.MX_FREERTOS_Init:0000000000000000 MX_FREERTOS_Init
/var/folders/26/q55yrwgs1ql1lprjdslmzz800000gn/T//ccbBbYGY.s:85     .text.MX_FREERTOS_Init:0000000000000014 $d
/var/folders/26/q55yrwgs1ql1lprjdslmzz800000gn/T//ccbBbYGY.s:109    .rodata.defaultTask_attributes:0000000000000000 defaultTask_attributes
/var/folders/26/q55yrwgs1ql1lprjdslmzz800000gn/T//ccbBbYGY.s:93     .rodata.str1.4:0000000000000000 $d
/var/folders/26/q55yrwgs1ql1lprjdslmzz800000gn/T//ccbBbYGY.s:102    .bss.defaultTaskHandle:0000000000000000 defaultTaskHandle
/var/folders/26/q55yrwgs1ql1lprjdslmzz800000gn/T//ccbBbYGY.s:98     .bss.defaultTaskHandle:0000000000000000 $d
/var/folders/26/q55yrwgs1ql1lprjdslmzz800000gn/T//ccbBbYGY.s:105    .rodata.defaultTask_attributes:0000000000000000 $d

UNDEFINED SYMBOLS
osDelay
osThreadNew
