ARM GAS  /var/folders/26/q55yrwgs1ql1lprjdslmzz800000gn/T//ccrJQ2I5.s 			page 1


   1              		.cpu cortex-m7
   2              		.arch armv7e-m
   3              		.fpu fpv5-d16
   4              		.eabi_attribute 28, 1
   5              		.eabi_attribute 20, 1
   6              		.eabi_attribute 21, 1
   7              		.eabi_attribute 23, 3
   8              		.eabi_attribute 24, 1
   9              		.eabi_attribute 25, 1
  10              		.eabi_attribute 26, 1
  11              		.eabi_attribute 30, 1
  12              		.eabi_attribute 34, 1
  13              		.eabi_attribute 18, 4
  14              		.file	"usart.c"
  15              		.text
  16              	.Ltext0:
  17              		.cfi_sections	.debug_frame
  18              		.section	.text.MX_USART3_UART_Init,"ax",%progbits
  19              		.align	1
  20              		.global	MX_USART3_UART_Init
  21              		.syntax unified
  22              		.thumb
  23              		.thumb_func
  25              	MX_USART3_UART_Init:
  26              	.LFB144:
  27              		.file 1 "Core/Src/usart.c"
   1:Core/Src/usart.c **** /**
   2:Core/Src/usart.c ****   ******************************************************************************
   3:Core/Src/usart.c ****   * @file    usart.c
   4:Core/Src/usart.c ****   * @brief   This file provides code for the configuration
   5:Core/Src/usart.c ****   *          of the USART instances.
   6:Core/Src/usart.c ****   ******************************************************************************
   7:Core/Src/usart.c ****   * @attention
   8:Core/Src/usart.c ****   *
   9:Core/Src/usart.c ****   * <h2><center>&copy; Copyright (c) 2021 STMicroelectronics.
  10:Core/Src/usart.c ****   * All rights reserved.</center></h2>
  11:Core/Src/usart.c ****   *
  12:Core/Src/usart.c ****   * This software component is licensed by ST under Ultimate Liberty license
  13:Core/Src/usart.c ****   * SLA0044, the "License"; You may not use this file except in compliance with
  14:Core/Src/usart.c ****   * the License. You may obtain a copy of the License at:
  15:Core/Src/usart.c ****   *                             www.st.com/SLA0044
  16:Core/Src/usart.c ****   *
  17:Core/Src/usart.c ****   ******************************************************************************
  18:Core/Src/usart.c ****   */
  19:Core/Src/usart.c **** 
  20:Core/Src/usart.c **** /* Includes ------------------------------------------------------------------*/
  21:Core/Src/usart.c **** #include "usart.h"
  22:Core/Src/usart.c **** 
  23:Core/Src/usart.c **** /* USER CODE BEGIN 0 */
  24:Core/Src/usart.c **** 
  25:Core/Src/usart.c **** /* USER CODE END 0 */
  26:Core/Src/usart.c **** 
  27:Core/Src/usart.c **** UART_HandleTypeDef huart3;
  28:Core/Src/usart.c **** 
  29:Core/Src/usart.c **** /* USART3 init function */
  30:Core/Src/usart.c **** 
  31:Core/Src/usart.c **** void MX_USART3_UART_Init(void)
ARM GAS  /var/folders/26/q55yrwgs1ql1lprjdslmzz800000gn/T//ccrJQ2I5.s 			page 2


  32:Core/Src/usart.c **** {
  28              		.loc 1 32 1 view -0
  29              		.cfi_startproc
  30              		@ args = 0, pretend = 0, frame = 0
  31              		@ frame_needed = 0, uses_anonymous_args = 0
  32 0000 08B5     		push	{r3, lr}
  33              	.LCFI0:
  34              		.cfi_def_cfa_offset 8
  35              		.cfi_offset 3, -8
  36              		.cfi_offset 14, -4
  33:Core/Src/usart.c **** 
  34:Core/Src/usart.c ****   /* USER CODE BEGIN USART3_Init 0 */
  35:Core/Src/usart.c **** 
  36:Core/Src/usart.c ****   /* USER CODE END USART3_Init 0 */
  37:Core/Src/usart.c **** 
  38:Core/Src/usart.c ****   /* USER CODE BEGIN USART3_Init 1 */
  39:Core/Src/usart.c **** 
  40:Core/Src/usart.c ****   /* USER CODE END USART3_Init 1 */
  41:Core/Src/usart.c ****   huart3.Instance = USART3;
  37              		.loc 1 41 3 view .LVU1
  38              		.loc 1 41 19 is_stmt 0 view .LVU2
  39 0002 1748     		ldr	r0, .L11
  40 0004 174B     		ldr	r3, .L11+4
  41 0006 0360     		str	r3, [r0]
  42:Core/Src/usart.c ****   huart3.Init.BaudRate = 115200;
  42              		.loc 1 42 3 is_stmt 1 view .LVU3
  43              		.loc 1 42 24 is_stmt 0 view .LVU4
  44 0008 4FF4E133 		mov	r3, #115200
  45 000c 4360     		str	r3, [r0, #4]
  43:Core/Src/usart.c ****   huart3.Init.WordLength = UART_WORDLENGTH_8B;
  46              		.loc 1 43 3 is_stmt 1 view .LVU5
  47              		.loc 1 43 26 is_stmt 0 view .LVU6
  48 000e 0023     		movs	r3, #0
  49 0010 8360     		str	r3, [r0, #8]
  44:Core/Src/usart.c ****   huart3.Init.StopBits = UART_STOPBITS_1;
  50              		.loc 1 44 3 is_stmt 1 view .LVU7
  51              		.loc 1 44 24 is_stmt 0 view .LVU8
  52 0012 C360     		str	r3, [r0, #12]
  45:Core/Src/usart.c ****   huart3.Init.Parity = UART_PARITY_NONE;
  53              		.loc 1 45 3 is_stmt 1 view .LVU9
  54              		.loc 1 45 22 is_stmt 0 view .LVU10
  55 0014 0361     		str	r3, [r0, #16]
  46:Core/Src/usart.c ****   huart3.Init.Mode = UART_MODE_TX_RX;
  56              		.loc 1 46 3 is_stmt 1 view .LVU11
  57              		.loc 1 46 20 is_stmt 0 view .LVU12
  58 0016 0C22     		movs	r2, #12
  59 0018 4261     		str	r2, [r0, #20]
  47:Core/Src/usart.c ****   huart3.Init.HwFlowCtl = UART_HWCONTROL_NONE;
  60              		.loc 1 47 3 is_stmt 1 view .LVU13
  61              		.loc 1 47 25 is_stmt 0 view .LVU14
  62 001a 8361     		str	r3, [r0, #24]
  48:Core/Src/usart.c ****   huart3.Init.OverSampling = UART_OVERSAMPLING_16;
  63              		.loc 1 48 3 is_stmt 1 view .LVU15
  64              		.loc 1 48 28 is_stmt 0 view .LVU16
  65 001c C361     		str	r3, [r0, #28]
  49:Core/Src/usart.c ****   huart3.Init.OneBitSampling = UART_ONE_BIT_SAMPLE_DISABLE;
  66              		.loc 1 49 3 is_stmt 1 view .LVU17
ARM GAS  /var/folders/26/q55yrwgs1ql1lprjdslmzz800000gn/T//ccrJQ2I5.s 			page 3


  67              		.loc 1 49 30 is_stmt 0 view .LVU18
  68 001e 0362     		str	r3, [r0, #32]
  50:Core/Src/usart.c ****   huart3.Init.ClockPrescaler = UART_PRESCALER_DIV1;
  69              		.loc 1 50 3 is_stmt 1 view .LVU19
  70              		.loc 1 50 30 is_stmt 0 view .LVU20
  71 0020 4362     		str	r3, [r0, #36]
  51:Core/Src/usart.c ****   huart3.AdvancedInit.AdvFeatureInit = UART_ADVFEATURE_NO_INIT;
  72              		.loc 1 51 3 is_stmt 1 view .LVU21
  73              		.loc 1 51 38 is_stmt 0 view .LVU22
  74 0022 8362     		str	r3, [r0, #40]
  52:Core/Src/usart.c ****   if (HAL_UART_Init(&huart3) != HAL_OK)
  75              		.loc 1 52 3 is_stmt 1 view .LVU23
  76              		.loc 1 52 7 is_stmt 0 view .LVU24
  77 0024 FFF7FEFF 		bl	HAL_UART_Init
  78              	.LVL0:
  79              		.loc 1 52 6 view .LVU25
  80 0028 70B9     		cbnz	r0, .L7
  81              	.L2:
  53:Core/Src/usart.c ****   {
  54:Core/Src/usart.c ****     Error_Handler();
  55:Core/Src/usart.c ****   }
  56:Core/Src/usart.c ****   if (HAL_UARTEx_SetTxFifoThreshold(&huart3, UART_TXFIFO_THRESHOLD_1_8) != HAL_OK)
  82              		.loc 1 56 3 is_stmt 1 view .LVU26
  83              		.loc 1 56 7 is_stmt 0 view .LVU27
  84 002a 0021     		movs	r1, #0
  85 002c 0C48     		ldr	r0, .L11
  86 002e FFF7FEFF 		bl	HAL_UARTEx_SetTxFifoThreshold
  87              	.LVL1:
  88              		.loc 1 56 6 view .LVU28
  89 0032 60B9     		cbnz	r0, .L8
  90              	.L3:
  57:Core/Src/usart.c ****   {
  58:Core/Src/usart.c ****     Error_Handler();
  59:Core/Src/usart.c ****   }
  60:Core/Src/usart.c ****   if (HAL_UARTEx_SetRxFifoThreshold(&huart3, UART_RXFIFO_THRESHOLD_1_8) != HAL_OK)
  91              		.loc 1 60 3 is_stmt 1 view .LVU29
  92              		.loc 1 60 7 is_stmt 0 view .LVU30
  93 0034 0021     		movs	r1, #0
  94 0036 0A48     		ldr	r0, .L11
  95 0038 FFF7FEFF 		bl	HAL_UARTEx_SetRxFifoThreshold
  96              	.LVL2:
  97              		.loc 1 60 6 view .LVU31
  98 003c 50B9     		cbnz	r0, .L9
  99              	.L4:
  61:Core/Src/usart.c ****   {
  62:Core/Src/usart.c ****     Error_Handler();
  63:Core/Src/usart.c ****   }
  64:Core/Src/usart.c ****   if (HAL_UARTEx_DisableFifoMode(&huart3) != HAL_OK)
 100              		.loc 1 64 3 is_stmt 1 view .LVU32
 101              		.loc 1 64 7 is_stmt 0 view .LVU33
 102 003e 0848     		ldr	r0, .L11
 103 0040 FFF7FEFF 		bl	HAL_UARTEx_DisableFifoMode
 104              	.LVL3:
 105              		.loc 1 64 6 view .LVU34
 106 0044 48B9     		cbnz	r0, .L10
 107              	.L1:
  65:Core/Src/usart.c ****   {
ARM GAS  /var/folders/26/q55yrwgs1ql1lprjdslmzz800000gn/T//ccrJQ2I5.s 			page 4


  66:Core/Src/usart.c ****     Error_Handler();
  67:Core/Src/usart.c ****   }
  68:Core/Src/usart.c ****   /* USER CODE BEGIN USART3_Init 2 */
  69:Core/Src/usart.c **** 
  70:Core/Src/usart.c ****   /* USER CODE END USART3_Init 2 */
  71:Core/Src/usart.c **** 
  72:Core/Src/usart.c **** }
 108              		.loc 1 72 1 view .LVU35
 109 0046 08BD     		pop	{r3, pc}
 110              	.L7:
  54:Core/Src/usart.c ****   }
 111              		.loc 1 54 5 is_stmt 1 view .LVU36
 112 0048 FFF7FEFF 		bl	Error_Handler
 113              	.LVL4:
 114 004c EDE7     		b	.L2
 115              	.L8:
  58:Core/Src/usart.c ****   }
 116              		.loc 1 58 5 view .LVU37
 117 004e FFF7FEFF 		bl	Error_Handler
 118              	.LVL5:
 119 0052 EFE7     		b	.L3
 120              	.L9:
  62:Core/Src/usart.c ****   }
 121              		.loc 1 62 5 view .LVU38
 122 0054 FFF7FEFF 		bl	Error_Handler
 123              	.LVL6:
 124 0058 F1E7     		b	.L4
 125              	.L10:
  66:Core/Src/usart.c ****   }
 126              		.loc 1 66 5 view .LVU39
 127 005a FFF7FEFF 		bl	Error_Handler
 128              	.LVL7:
 129              		.loc 1 72 1 is_stmt 0 view .LVU40
 130 005e F2E7     		b	.L1
 131              	.L12:
 132              		.align	2
 133              	.L11:
 134 0060 00000000 		.word	.LANCHOR0
 135 0064 00480040 		.word	1073760256
 136              		.cfi_endproc
 137              	.LFE144:
 139              		.section	.text.HAL_UART_MspInit,"ax",%progbits
 140              		.align	1
 141              		.global	HAL_UART_MspInit
 142              		.syntax unified
 143              		.thumb
 144              		.thumb_func
 146              	HAL_UART_MspInit:
 147              	.LVL8:
 148              	.LFB145:
  73:Core/Src/usart.c **** 
  74:Core/Src/usart.c **** void HAL_UART_MspInit(UART_HandleTypeDef* uartHandle)
  75:Core/Src/usart.c **** {
 149              		.loc 1 75 1 is_stmt 1 view -0
 150              		.cfi_startproc
 151              		@ args = 0, pretend = 0, frame = 216
 152              		@ frame_needed = 0, uses_anonymous_args = 0
ARM GAS  /var/folders/26/q55yrwgs1ql1lprjdslmzz800000gn/T//ccrJQ2I5.s 			page 5


 153              		.loc 1 75 1 is_stmt 0 view .LVU42
 154 0000 10B5     		push	{r4, lr}
 155              	.LCFI1:
 156              		.cfi_def_cfa_offset 8
 157              		.cfi_offset 4, -8
 158              		.cfi_offset 14, -4
 159 0002 B6B0     		sub	sp, sp, #216
 160              	.LCFI2:
 161              		.cfi_def_cfa_offset 224
 162 0004 0446     		mov	r4, r0
  76:Core/Src/usart.c **** 
  77:Core/Src/usart.c ****   GPIO_InitTypeDef GPIO_InitStruct = {0};
 163              		.loc 1 77 3 is_stmt 1 view .LVU43
 164              		.loc 1 77 20 is_stmt 0 view .LVU44
 165 0006 0021     		movs	r1, #0
 166 0008 3191     		str	r1, [sp, #196]
 167 000a 3291     		str	r1, [sp, #200]
 168 000c 3391     		str	r1, [sp, #204]
 169 000e 3491     		str	r1, [sp, #208]
 170 0010 3591     		str	r1, [sp, #212]
  78:Core/Src/usart.c ****   RCC_PeriphCLKInitTypeDef PeriphClkInitStruct = {0};
 171              		.loc 1 78 3 is_stmt 1 view .LVU45
 172              		.loc 1 78 28 is_stmt 0 view .LVU46
 173 0012 BC22     		movs	r2, #188
 174 0014 02A8     		add	r0, sp, #8
 175              	.LVL9:
 176              		.loc 1 78 28 view .LVU47
 177 0016 FFF7FEFF 		bl	memset
 178              	.LVL10:
  79:Core/Src/usart.c ****   if(uartHandle->Instance==USART3)
 179              		.loc 1 79 3 is_stmt 1 view .LVU48
 180              		.loc 1 79 16 is_stmt 0 view .LVU49
 181 001a 2268     		ldr	r2, [r4]
 182              		.loc 1 79 5 view .LVU50
 183 001c 1A4B     		ldr	r3, .L19
 184 001e 9A42     		cmp	r2, r3
 185 0020 01D0     		beq	.L17
 186              	.L13:
  80:Core/Src/usart.c ****   {
  81:Core/Src/usart.c ****   /* USER CODE BEGIN USART3_MspInit 0 */
  82:Core/Src/usart.c **** 
  83:Core/Src/usart.c ****   /* USER CODE END USART3_MspInit 0 */
  84:Core/Src/usart.c ****   /** Initializes the peripherals clock
  85:Core/Src/usart.c ****   */
  86:Core/Src/usart.c ****     PeriphClkInitStruct.PeriphClockSelection = RCC_PERIPHCLK_USART3;
  87:Core/Src/usart.c ****     PeriphClkInitStruct.Usart234578ClockSelection = RCC_USART234578CLKSOURCE_D2PCLK1;
  88:Core/Src/usart.c ****     if (HAL_RCCEx_PeriphCLKConfig(&PeriphClkInitStruct) != HAL_OK)
  89:Core/Src/usart.c ****     {
  90:Core/Src/usart.c ****       Error_Handler();
  91:Core/Src/usart.c ****     }
  92:Core/Src/usart.c **** 
  93:Core/Src/usart.c ****     /* USART3 clock enable */
  94:Core/Src/usart.c ****     __HAL_RCC_USART3_CLK_ENABLE();
  95:Core/Src/usart.c **** 
  96:Core/Src/usart.c ****     __HAL_RCC_GPIOD_CLK_ENABLE();
  97:Core/Src/usart.c ****     /**USART3 GPIO Configuration
  98:Core/Src/usart.c ****     PD8     ------> USART3_TX
ARM GAS  /var/folders/26/q55yrwgs1ql1lprjdslmzz800000gn/T//ccrJQ2I5.s 			page 6


  99:Core/Src/usart.c ****     PD9     ------> USART3_RX
 100:Core/Src/usart.c ****     */
 101:Core/Src/usart.c ****     GPIO_InitStruct.Pin = STLINK_RX_Pin|STLINK_TX_Pin;
 102:Core/Src/usart.c ****     GPIO_InitStruct.Mode = GPIO_MODE_AF_PP;
 103:Core/Src/usart.c ****     GPIO_InitStruct.Pull = GPIO_NOPULL;
 104:Core/Src/usart.c ****     GPIO_InitStruct.Speed = GPIO_SPEED_FREQ_LOW;
 105:Core/Src/usart.c ****     GPIO_InitStruct.Alternate = GPIO_AF7_USART3;
 106:Core/Src/usart.c ****     HAL_GPIO_Init(GPIOD, &GPIO_InitStruct);
 107:Core/Src/usart.c **** 
 108:Core/Src/usart.c ****   /* USER CODE BEGIN USART3_MspInit 1 */
 109:Core/Src/usart.c **** 
 110:Core/Src/usart.c ****   /* USER CODE END USART3_MspInit 1 */
 111:Core/Src/usart.c ****   }
 112:Core/Src/usart.c **** }
 187              		.loc 1 112 1 view .LVU51
 188 0022 36B0     		add	sp, sp, #216
 189              	.LCFI3:
 190              		.cfi_remember_state
 191              		.cfi_def_cfa_offset 8
 192              		@ sp needed
 193 0024 10BD     		pop	{r4, pc}
 194              	.LVL11:
 195              	.L17:
 196              	.LCFI4:
 197              		.cfi_restore_state
  86:Core/Src/usart.c ****     PeriphClkInitStruct.Usart234578ClockSelection = RCC_USART234578CLKSOURCE_D2PCLK1;
 198              		.loc 1 86 5 is_stmt 1 view .LVU52
  86:Core/Src/usart.c ****     PeriphClkInitStruct.Usart234578ClockSelection = RCC_USART234578CLKSOURCE_D2PCLK1;
 199              		.loc 1 86 46 is_stmt 0 view .LVU53
 200 0026 0223     		movs	r3, #2
 201 0028 0293     		str	r3, [sp, #8]
  87:Core/Src/usart.c ****     if (HAL_RCCEx_PeriphCLKConfig(&PeriphClkInitStruct) != HAL_OK)
 202              		.loc 1 87 5 is_stmt 1 view .LVU54
  88:Core/Src/usart.c ****     {
 203              		.loc 1 88 5 view .LVU55
  88:Core/Src/usart.c ****     {
 204              		.loc 1 88 9 is_stmt 0 view .LVU56
 205 002a 02A8     		add	r0, sp, #8
 206 002c FFF7FEFF 		bl	HAL_RCCEx_PeriphCLKConfig
 207              	.LVL12:
  88:Core/Src/usart.c ****     {
 208              		.loc 1 88 8 view .LVU57
 209 0030 38BB     		cbnz	r0, .L18
 210              	.L15:
  94:Core/Src/usart.c **** 
 211              		.loc 1 94 5 is_stmt 1 view .LVU58
 212              	.LBB2:
  94:Core/Src/usart.c **** 
 213              		.loc 1 94 5 view .LVU59
  94:Core/Src/usart.c **** 
 214              		.loc 1 94 5 view .LVU60
 215 0032 164B     		ldr	r3, .L19+4
 216 0034 D3F8E820 		ldr	r2, [r3, #232]
 217 0038 42F48022 		orr	r2, r2, #262144
 218 003c C3F8E820 		str	r2, [r3, #232]
  94:Core/Src/usart.c **** 
 219              		.loc 1 94 5 view .LVU61
ARM GAS  /var/folders/26/q55yrwgs1ql1lprjdslmzz800000gn/T//ccrJQ2I5.s 			page 7


 220 0040 D3F8E820 		ldr	r2, [r3, #232]
 221 0044 02F48022 		and	r2, r2, #262144
 222 0048 0092     		str	r2, [sp]
  94:Core/Src/usart.c **** 
 223              		.loc 1 94 5 view .LVU62
 224 004a 009A     		ldr	r2, [sp]
 225              	.LBE2:
  94:Core/Src/usart.c **** 
 226              		.loc 1 94 5 view .LVU63
  96:Core/Src/usart.c ****     /**USART3 GPIO Configuration
 227              		.loc 1 96 5 view .LVU64
 228              	.LBB3:
  96:Core/Src/usart.c ****     /**USART3 GPIO Configuration
 229              		.loc 1 96 5 view .LVU65
  96:Core/Src/usart.c ****     /**USART3 GPIO Configuration
 230              		.loc 1 96 5 view .LVU66
 231 004c D3F8E020 		ldr	r2, [r3, #224]
 232 0050 42F00802 		orr	r2, r2, #8
 233 0054 C3F8E020 		str	r2, [r3, #224]
  96:Core/Src/usart.c ****     /**USART3 GPIO Configuration
 234              		.loc 1 96 5 view .LVU67
 235 0058 D3F8E030 		ldr	r3, [r3, #224]
 236 005c 03F00803 		and	r3, r3, #8
 237 0060 0193     		str	r3, [sp, #4]
  96:Core/Src/usart.c ****     /**USART3 GPIO Configuration
 238              		.loc 1 96 5 view .LVU68
 239 0062 019B     		ldr	r3, [sp, #4]
 240              	.LBE3:
  96:Core/Src/usart.c ****     /**USART3 GPIO Configuration
 241              		.loc 1 96 5 view .LVU69
 101:Core/Src/usart.c ****     GPIO_InitStruct.Mode = GPIO_MODE_AF_PP;
 242              		.loc 1 101 5 view .LVU70
 101:Core/Src/usart.c ****     GPIO_InitStruct.Mode = GPIO_MODE_AF_PP;
 243              		.loc 1 101 25 is_stmt 0 view .LVU71
 244 0064 4FF44073 		mov	r3, #768
 245 0068 3193     		str	r3, [sp, #196]
 102:Core/Src/usart.c ****     GPIO_InitStruct.Pull = GPIO_NOPULL;
 246              		.loc 1 102 5 is_stmt 1 view .LVU72
 102:Core/Src/usart.c ****     GPIO_InitStruct.Pull = GPIO_NOPULL;
 247              		.loc 1 102 26 is_stmt 0 view .LVU73
 248 006a 0223     		movs	r3, #2
 249 006c 3293     		str	r3, [sp, #200]
 103:Core/Src/usart.c ****     GPIO_InitStruct.Speed = GPIO_SPEED_FREQ_LOW;
 250              		.loc 1 103 5 is_stmt 1 view .LVU74
 103:Core/Src/usart.c ****     GPIO_InitStruct.Speed = GPIO_SPEED_FREQ_LOW;
 251              		.loc 1 103 26 is_stmt 0 view .LVU75
 252 006e 0023     		movs	r3, #0
 253 0070 3393     		str	r3, [sp, #204]
 104:Core/Src/usart.c ****     GPIO_InitStruct.Alternate = GPIO_AF7_USART3;
 254              		.loc 1 104 5 is_stmt 1 view .LVU76
 104:Core/Src/usart.c ****     GPIO_InitStruct.Alternate = GPIO_AF7_USART3;
 255              		.loc 1 104 27 is_stmt 0 view .LVU77
 256 0072 3493     		str	r3, [sp, #208]
 105:Core/Src/usart.c ****     HAL_GPIO_Init(GPIOD, &GPIO_InitStruct);
 257              		.loc 1 105 5 is_stmt 1 view .LVU78
 105:Core/Src/usart.c ****     HAL_GPIO_Init(GPIOD, &GPIO_InitStruct);
 258              		.loc 1 105 31 is_stmt 0 view .LVU79
ARM GAS  /var/folders/26/q55yrwgs1ql1lprjdslmzz800000gn/T//ccrJQ2I5.s 			page 8


 259 0074 0723     		movs	r3, #7
 260 0076 3593     		str	r3, [sp, #212]
 106:Core/Src/usart.c **** 
 261              		.loc 1 106 5 is_stmt 1 view .LVU80
 262 0078 31A9     		add	r1, sp, #196
 263 007a 0548     		ldr	r0, .L19+8
 264 007c FFF7FEFF 		bl	HAL_GPIO_Init
 265              	.LVL13:
 266              		.loc 1 112 1 is_stmt 0 view .LVU81
 267 0080 CFE7     		b	.L13
 268              	.L18:
  90:Core/Src/usart.c ****     }
 269              		.loc 1 90 7 is_stmt 1 view .LVU82
 270 0082 FFF7FEFF 		bl	Error_Handler
 271              	.LVL14:
 272 0086 D4E7     		b	.L15
 273              	.L20:
 274              		.align	2
 275              	.L19:
 276 0088 00480040 		.word	1073760256
 277 008c 00440258 		.word	1476543488
 278 0090 000C0258 		.word	1476529152
 279              		.cfi_endproc
 280              	.LFE145:
 282              		.section	.text.HAL_UART_MspDeInit,"ax",%progbits
 283              		.align	1
 284              		.global	HAL_UART_MspDeInit
 285              		.syntax unified
 286              		.thumb
 287              		.thumb_func
 289              	HAL_UART_MspDeInit:
 290              	.LVL15:
 291              	.LFB146:
 113:Core/Src/usart.c **** 
 114:Core/Src/usart.c **** void HAL_UART_MspDeInit(UART_HandleTypeDef* uartHandle)
 115:Core/Src/usart.c **** {
 292              		.loc 1 115 1 view -0
 293              		.cfi_startproc
 294              		@ args = 0, pretend = 0, frame = 0
 295              		@ frame_needed = 0, uses_anonymous_args = 0
 296              		.loc 1 115 1 is_stmt 0 view .LVU84
 297 0000 08B5     		push	{r3, lr}
 298              	.LCFI5:
 299              		.cfi_def_cfa_offset 8
 300              		.cfi_offset 3, -8
 301              		.cfi_offset 14, -4
 116:Core/Src/usart.c **** 
 117:Core/Src/usart.c ****   if(uartHandle->Instance==USART3)
 302              		.loc 1 117 3 is_stmt 1 view .LVU85
 303              		.loc 1 117 16 is_stmt 0 view .LVU86
 304 0002 0268     		ldr	r2, [r0]
 305              		.loc 1 117 5 view .LVU87
 306 0004 084B     		ldr	r3, .L25
 307 0006 9A42     		cmp	r2, r3
 308 0008 00D0     		beq	.L24
 309              	.LVL16:
 310              	.L21:
ARM GAS  /var/folders/26/q55yrwgs1ql1lprjdslmzz800000gn/T//ccrJQ2I5.s 			page 9


 118:Core/Src/usart.c ****   {
 119:Core/Src/usart.c ****   /* USER CODE BEGIN USART3_MspDeInit 0 */
 120:Core/Src/usart.c **** 
 121:Core/Src/usart.c ****   /* USER CODE END USART3_MspDeInit 0 */
 122:Core/Src/usart.c ****     /* Peripheral clock disable */
 123:Core/Src/usart.c ****     __HAL_RCC_USART3_CLK_DISABLE();
 124:Core/Src/usart.c **** 
 125:Core/Src/usart.c ****     /**USART3 GPIO Configuration
 126:Core/Src/usart.c ****     PD8     ------> USART3_TX
 127:Core/Src/usart.c ****     PD9     ------> USART3_RX
 128:Core/Src/usart.c ****     */
 129:Core/Src/usart.c ****     HAL_GPIO_DeInit(GPIOD, STLINK_RX_Pin|STLINK_TX_Pin);
 130:Core/Src/usart.c **** 
 131:Core/Src/usart.c ****   /* USER CODE BEGIN USART3_MspDeInit 1 */
 132:Core/Src/usart.c **** 
 133:Core/Src/usart.c ****   /* USER CODE END USART3_MspDeInit 1 */
 134:Core/Src/usart.c ****   }
 135:Core/Src/usart.c **** }
 311              		.loc 1 135 1 view .LVU88
 312 000a 08BD     		pop	{r3, pc}
 313              	.LVL17:
 314              	.L24:
 123:Core/Src/usart.c **** 
 315              		.loc 1 123 5 is_stmt 1 view .LVU89
 316 000c 074A     		ldr	r2, .L25+4
 317 000e D2F8E830 		ldr	r3, [r2, #232]
 318 0012 23F48023 		bic	r3, r3, #262144
 319 0016 C2F8E830 		str	r3, [r2, #232]
 129:Core/Src/usart.c **** 
 320              		.loc 1 129 5 view .LVU90
 321 001a 4FF44071 		mov	r1, #768
 322 001e 0448     		ldr	r0, .L25+8
 323              	.LVL18:
 129:Core/Src/usart.c **** 
 324              		.loc 1 129 5 is_stmt 0 view .LVU91
 325 0020 FFF7FEFF 		bl	HAL_GPIO_DeInit
 326              	.LVL19:
 327              		.loc 1 135 1 view .LVU92
 328 0024 F1E7     		b	.L21
 329              	.L26:
 330 0026 00BF     		.align	2
 331              	.L25:
 332 0028 00480040 		.word	1073760256
 333 002c 00440258 		.word	1476543488
 334 0030 000C0258 		.word	1476529152
 335              		.cfi_endproc
 336              	.LFE146:
 338              		.global	huart3
 339              		.section	.bss.huart3,"aw",%nobits
 340              		.align	2
 341              		.set	.LANCHOR0,. + 0
 344              	huart3:
 345 0000 00000000 		.space	144
 345      00000000 
 345      00000000 
 345      00000000 
 345      00000000 
ARM GAS  /var/folders/26/q55yrwgs1ql1lprjdslmzz800000gn/T//ccrJQ2I5.s 			page 10


 346              		.text
 347              	.Letext0:
 348              		.file 2 "/usr/local/Cellar/arm-gcc-bin@10/10.3-2021.10_1/arm-none-eabi/include/machine/_default_ty
 349              		.file 3 "/usr/local/Cellar/arm-gcc-bin@10/10.3-2021.10_1/arm-none-eabi/include/sys/_stdint.h"
 350              		.file 4 "Drivers/CMSIS/Device/ST/STM32H7xx/Include/stm32h743xx.h"
 351              		.file 5 "Drivers/STM32H7xx_HAL_Driver/Inc/stm32h7xx_hal_def.h"
 352              		.file 6 "Drivers/STM32H7xx_HAL_Driver/Inc/stm32h7xx_hal_rcc_ex.h"
 353              		.file 7 "Drivers/STM32H7xx_HAL_Driver/Inc/stm32h7xx_hal_gpio.h"
 354              		.file 8 "Drivers/STM32H7xx_HAL_Driver/Inc/stm32h7xx_hal_dma.h"
 355              		.file 9 "Drivers/STM32H7xx_HAL_Driver/Inc/stm32h7xx_hal_uart.h"
 356              		.file 10 "Core/Inc/main.h"
 357              		.file 11 "Drivers/STM32H7xx_HAL_Driver/Inc/stm32h7xx_hal_uart_ex.h"
 358              		.file 12 "Core/Inc/usart.h"
 359              		.file 13 "<built-in>"
ARM GAS  /var/folders/26/q55yrwgs1ql1lprjdslmzz800000gn/T//ccrJQ2I5.s 			page 11


DEFINED SYMBOLS
                            *ABS*:0000000000000000 usart.c
/var/folders/26/q55yrwgs1ql1lprjdslmzz800000gn/T//ccrJQ2I5.s:19     .text.MX_USART3_UART_Init:0000000000000000 $t
/var/folders/26/q55yrwgs1ql1lprjdslmzz800000gn/T//ccrJQ2I5.s:25     .text.MX_USART3_UART_Init:0000000000000000 MX_USART3_UART_Init
/var/folders/26/q55yrwgs1ql1lprjdslmzz800000gn/T//ccrJQ2I5.s:134    .text.MX_USART3_UART_Init:0000000000000060 $d
/var/folders/26/q55yrwgs1ql1lprjdslmzz800000gn/T//ccrJQ2I5.s:140    .text.HAL_UART_MspInit:0000000000000000 $t
/var/folders/26/q55yrwgs1ql1lprjdslmzz800000gn/T//ccrJQ2I5.s:146    .text.HAL_UART_MspInit:0000000000000000 HAL_UART_MspInit
/var/folders/26/q55yrwgs1ql1lprjdslmzz800000gn/T//ccrJQ2I5.s:276    .text.HAL_UART_MspInit:0000000000000088 $d
/var/folders/26/q55yrwgs1ql1lprjdslmzz800000gn/T//ccrJQ2I5.s:283    .text.HAL_UART_MspDeInit:0000000000000000 $t
/var/folders/26/q55yrwgs1ql1lprjdslmzz800000gn/T//ccrJQ2I5.s:289    .text.HAL_UART_MspDeInit:0000000000000000 HAL_UART_MspDeInit
/var/folders/26/q55yrwgs1ql1lprjdslmzz800000gn/T//ccrJQ2I5.s:332    .text.HAL_UART_MspDeInit:0000000000000028 $d
/var/folders/26/q55yrwgs1ql1lprjdslmzz800000gn/T//ccrJQ2I5.s:344    .bss.huart3:0000000000000000 huart3
/var/folders/26/q55yrwgs1ql1lprjdslmzz800000gn/T//ccrJQ2I5.s:340    .bss.huart3:0000000000000000 $d

UNDEFINED SYMBOLS
HAL_UART_Init
HAL_UARTEx_SetTxFifoThreshold
HAL_UARTEx_SetRxFifoThreshold
HAL_UARTEx_DisableFifoMode
Error_Handler
memset
HAL_RCCEx_PeriphCLKConfig
HAL_GPIO_Init
HAL_GPIO_DeInit
