ARM GAS  /var/folders/26/q55yrwgs1ql1lprjdslmzz800000gn/T//cckkGZGb.s 			page 1


   1              		.cpu cortex-m7
   2              		.arch armv7e-m
   3              		.fpu fpv5-d16
   4              		.eabi_attribute 28, 1
   5              		.eabi_attribute 20, 1
   6              		.eabi_attribute 21, 1
   7              		.eabi_attribute 23, 3
   8              		.eabi_attribute 24, 1
   9              		.eabi_attribute 25, 1
  10              		.eabi_attribute 26, 1
  11              		.eabi_attribute 30, 1
  12              		.eabi_attribute 34, 1
  13              		.eabi_attribute 18, 4
  14              		.file	"usb_otg.c"
  15              		.text
  16              	.Ltext0:
  17              		.cfi_sections	.debug_frame
  18              		.section	.text.MX_USB_OTG_FS_PCD_Init,"ax",%progbits
  19              		.align	1
  20              		.global	MX_USB_OTG_FS_PCD_Init
  21              		.syntax unified
  22              		.thumb
  23              		.thumb_func
  25              	MX_USB_OTG_FS_PCD_Init:
  26              	.LFB144:
  27              		.file 1 "Core/Src/usb_otg.c"
   1:Core/Src/usb_otg.c **** /**
   2:Core/Src/usb_otg.c ****   ******************************************************************************
   3:Core/Src/usb_otg.c ****   * @file    usb_otg.c
   4:Core/Src/usb_otg.c ****   * @brief   This file provides code for the configuration
   5:Core/Src/usb_otg.c ****   *          of the USB_OTG instances.
   6:Core/Src/usb_otg.c ****   ******************************************************************************
   7:Core/Src/usb_otg.c ****   * @attention
   8:Core/Src/usb_otg.c ****   *
   9:Core/Src/usb_otg.c ****   * <h2><center>&copy; Copyright (c) 2021 STMicroelectronics.
  10:Core/Src/usb_otg.c ****   * All rights reserved.</center></h2>
  11:Core/Src/usb_otg.c ****   *
  12:Core/Src/usb_otg.c ****   * This software component is licensed by ST under Ultimate Liberty license
  13:Core/Src/usb_otg.c ****   * SLA0044, the "License"; You may not use this file except in compliance with
  14:Core/Src/usb_otg.c ****   * the License. You may obtain a copy of the License at:
  15:Core/Src/usb_otg.c ****   *                             www.st.com/SLA0044
  16:Core/Src/usb_otg.c ****   *
  17:Core/Src/usb_otg.c ****   ******************************************************************************
  18:Core/Src/usb_otg.c ****   */
  19:Core/Src/usb_otg.c **** 
  20:Core/Src/usb_otg.c **** /* Includes ------------------------------------------------------------------*/
  21:Core/Src/usb_otg.c **** #include "usb_otg.h"
  22:Core/Src/usb_otg.c **** 
  23:Core/Src/usb_otg.c **** /* USER CODE BEGIN 0 */
  24:Core/Src/usb_otg.c **** 
  25:Core/Src/usb_otg.c **** /* USER CODE END 0 */
  26:Core/Src/usb_otg.c **** 
  27:Core/Src/usb_otg.c **** PCD_HandleTypeDef hpcd_USB_OTG_FS;
  28:Core/Src/usb_otg.c **** 
  29:Core/Src/usb_otg.c **** /* USB_OTG_FS init function */
  30:Core/Src/usb_otg.c **** 
  31:Core/Src/usb_otg.c **** void MX_USB_OTG_FS_PCD_Init(void)
ARM GAS  /var/folders/26/q55yrwgs1ql1lprjdslmzz800000gn/T//cckkGZGb.s 			page 2


  32:Core/Src/usb_otg.c **** {
  28              		.loc 1 32 1 view -0
  29              		.cfi_startproc
  30              		@ args = 0, pretend = 0, frame = 0
  31              		@ frame_needed = 0, uses_anonymous_args = 0
  32 0000 08B5     		push	{r3, lr}
  33              	.LCFI0:
  34              		.cfi_def_cfa_offset 8
  35              		.cfi_offset 3, -8
  36              		.cfi_offset 14, -4
  33:Core/Src/usb_otg.c **** 
  34:Core/Src/usb_otg.c ****   /* USER CODE BEGIN USB_OTG_FS_Init 0 */
  35:Core/Src/usb_otg.c **** 
  36:Core/Src/usb_otg.c ****   /* USER CODE END USB_OTG_FS_Init 0 */
  37:Core/Src/usb_otg.c **** 
  38:Core/Src/usb_otg.c ****   /* USER CODE BEGIN USB_OTG_FS_Init 1 */
  39:Core/Src/usb_otg.c **** 
  40:Core/Src/usb_otg.c ****   /* USER CODE END USB_OTG_FS_Init 1 */
  41:Core/Src/usb_otg.c ****   hpcd_USB_OTG_FS.Instance = USB_OTG_FS;
  37              		.loc 1 41 3 view .LVU1
  38              		.loc 1 41 28 is_stmt 0 view .LVU2
  39 0002 0C48     		ldr	r0, .L5
  40 0004 0C4B     		ldr	r3, .L5+4
  41 0006 0360     		str	r3, [r0]
  42:Core/Src/usb_otg.c ****   hpcd_USB_OTG_FS.Init.dev_endpoints = 9;
  42              		.loc 1 42 3 is_stmt 1 view .LVU3
  43              		.loc 1 42 38 is_stmt 0 view .LVU4
  44 0008 0923     		movs	r3, #9
  45 000a 4360     		str	r3, [r0, #4]
  43:Core/Src/usb_otg.c ****   hpcd_USB_OTG_FS.Init.speed = PCD_SPEED_FULL;
  46              		.loc 1 43 3 is_stmt 1 view .LVU5
  47              		.loc 1 43 30 is_stmt 0 view .LVU6
  48 000c 0222     		movs	r2, #2
  49 000e C260     		str	r2, [r0, #12]
  44:Core/Src/usb_otg.c ****   hpcd_USB_OTG_FS.Init.dma_enable = DISABLE;
  50              		.loc 1 44 3 is_stmt 1 view .LVU7
  51              		.loc 1 44 35 is_stmt 0 view .LVU8
  52 0010 0023     		movs	r3, #0
  53 0012 0361     		str	r3, [r0, #16]
  45:Core/Src/usb_otg.c ****   hpcd_USB_OTG_FS.Init.phy_itface = PCD_PHY_EMBEDDED;
  54              		.loc 1 45 3 is_stmt 1 view .LVU9
  55              		.loc 1 45 35 is_stmt 0 view .LVU10
  56 0014 8261     		str	r2, [r0, #24]
  46:Core/Src/usb_otg.c ****   hpcd_USB_OTG_FS.Init.Sof_enable = ENABLE;
  57              		.loc 1 46 3 is_stmt 1 view .LVU11
  58              		.loc 1 46 35 is_stmt 0 view .LVU12
  59 0016 0122     		movs	r2, #1
  60 0018 C261     		str	r2, [r0, #28]
  47:Core/Src/usb_otg.c ****   hpcd_USB_OTG_FS.Init.low_power_enable = DISABLE;
  61              		.loc 1 47 3 is_stmt 1 view .LVU13
  62              		.loc 1 47 41 is_stmt 0 view .LVU14
  63 001a 0362     		str	r3, [r0, #32]
  48:Core/Src/usb_otg.c ****   hpcd_USB_OTG_FS.Init.lpm_enable = DISABLE;
  64              		.loc 1 48 3 is_stmt 1 view .LVU15
  65              		.loc 1 48 35 is_stmt 0 view .LVU16
  66 001c 4362     		str	r3, [r0, #36]
  49:Core/Src/usb_otg.c ****   hpcd_USB_OTG_FS.Init.battery_charging_enable = ENABLE;
ARM GAS  /var/folders/26/q55yrwgs1ql1lprjdslmzz800000gn/T//cckkGZGb.s 			page 3


  67              		.loc 1 49 3 is_stmt 1 view .LVU17
  68              		.loc 1 49 48 is_stmt 0 view .LVU18
  69 001e 8262     		str	r2, [r0, #40]
  50:Core/Src/usb_otg.c ****   hpcd_USB_OTG_FS.Init.vbus_sensing_enable = ENABLE;
  70              		.loc 1 50 3 is_stmt 1 view .LVU19
  71              		.loc 1 50 44 is_stmt 0 view .LVU20
  72 0020 C262     		str	r2, [r0, #44]
  51:Core/Src/usb_otg.c ****   hpcd_USB_OTG_FS.Init.use_dedicated_ep1 = DISABLE;
  73              		.loc 1 51 3 is_stmt 1 view .LVU21
  74              		.loc 1 51 42 is_stmt 0 view .LVU22
  75 0022 0363     		str	r3, [r0, #48]
  52:Core/Src/usb_otg.c ****   if (HAL_PCD_Init(&hpcd_USB_OTG_FS) != HAL_OK)
  76              		.loc 1 52 3 is_stmt 1 view .LVU23
  77              		.loc 1 52 7 is_stmt 0 view .LVU24
  78 0024 FFF7FEFF 		bl	HAL_PCD_Init
  79              	.LVL0:
  80              		.loc 1 52 6 view .LVU25
  81 0028 00B9     		cbnz	r0, .L4
  82              	.L1:
  53:Core/Src/usb_otg.c ****   {
  54:Core/Src/usb_otg.c ****     Error_Handler();
  55:Core/Src/usb_otg.c ****   }
  56:Core/Src/usb_otg.c ****   /* USER CODE BEGIN USB_OTG_FS_Init 2 */
  57:Core/Src/usb_otg.c **** 
  58:Core/Src/usb_otg.c ****   /* USER CODE END USB_OTG_FS_Init 2 */
  59:Core/Src/usb_otg.c **** 
  60:Core/Src/usb_otg.c **** }
  83              		.loc 1 60 1 view .LVU26
  84 002a 08BD     		pop	{r3, pc}
  85              	.L4:
  54:Core/Src/usb_otg.c ****   }
  86              		.loc 1 54 5 is_stmt 1 view .LVU27
  87 002c FFF7FEFF 		bl	Error_Handler
  88              	.LVL1:
  89              		.loc 1 60 1 is_stmt 0 view .LVU28
  90 0030 FBE7     		b	.L1
  91              	.L6:
  92 0032 00BF     		.align	2
  93              	.L5:
  94 0034 00000000 		.word	.LANCHOR0
  95 0038 00000840 		.word	1074266112
  96              		.cfi_endproc
  97              	.LFE144:
  99              		.section	.text.HAL_PCD_MspInit,"ax",%progbits
 100              		.align	1
 101              		.global	HAL_PCD_MspInit
 102              		.syntax unified
 103              		.thumb
 104              		.thumb_func
 106              	HAL_PCD_MspInit:
 107              	.LVL2:
 108              	.LFB145:
  61:Core/Src/usb_otg.c **** 
  62:Core/Src/usb_otg.c **** void HAL_PCD_MspInit(PCD_HandleTypeDef* pcdHandle)
  63:Core/Src/usb_otg.c **** {
 109              		.loc 1 63 1 is_stmt 1 view -0
 110              		.cfi_startproc
ARM GAS  /var/folders/26/q55yrwgs1ql1lprjdslmzz800000gn/T//cckkGZGb.s 			page 4


 111              		@ args = 0, pretend = 0, frame = 216
 112              		@ frame_needed = 0, uses_anonymous_args = 0
 113              		.loc 1 63 1 is_stmt 0 view .LVU30
 114 0000 70B5     		push	{r4, r5, r6, lr}
 115              	.LCFI1:
 116              		.cfi_def_cfa_offset 16
 117              		.cfi_offset 4, -16
 118              		.cfi_offset 5, -12
 119              		.cfi_offset 6, -8
 120              		.cfi_offset 14, -4
 121 0002 B6B0     		sub	sp, sp, #216
 122              	.LCFI2:
 123              		.cfi_def_cfa_offset 232
 124 0004 0446     		mov	r4, r0
  64:Core/Src/usb_otg.c **** 
  65:Core/Src/usb_otg.c ****   GPIO_InitTypeDef GPIO_InitStruct = {0};
 125              		.loc 1 65 3 is_stmt 1 view .LVU31
 126              		.loc 1 65 20 is_stmt 0 view .LVU32
 127 0006 0021     		movs	r1, #0
 128 0008 3191     		str	r1, [sp, #196]
 129 000a 3291     		str	r1, [sp, #200]
 130 000c 3391     		str	r1, [sp, #204]
 131 000e 3491     		str	r1, [sp, #208]
 132 0010 3591     		str	r1, [sp, #212]
  66:Core/Src/usb_otg.c ****   RCC_PeriphCLKInitTypeDef PeriphClkInitStruct = {0};
 133              		.loc 1 66 3 is_stmt 1 view .LVU33
 134              		.loc 1 66 28 is_stmt 0 view .LVU34
 135 0012 BC22     		movs	r2, #188
 136 0014 02A8     		add	r0, sp, #8
 137              	.LVL3:
 138              		.loc 1 66 28 view .LVU35
 139 0016 FFF7FEFF 		bl	memset
 140              	.LVL4:
  67:Core/Src/usb_otg.c ****   if(pcdHandle->Instance==USB_OTG_FS)
 141              		.loc 1 67 3 is_stmt 1 view .LVU36
 142              		.loc 1 67 15 is_stmt 0 view .LVU37
 143 001a 2268     		ldr	r2, [r4]
 144              		.loc 1 67 5 view .LVU38
 145 001c 234B     		ldr	r3, .L13
 146 001e 9A42     		cmp	r2, r3
 147 0020 01D0     		beq	.L11
 148              	.LVL5:
 149              	.L7:
  68:Core/Src/usb_otg.c ****   {
  69:Core/Src/usb_otg.c ****   /* USER CODE BEGIN USB_OTG_FS_MspInit 0 */
  70:Core/Src/usb_otg.c **** 
  71:Core/Src/usb_otg.c ****   /* USER CODE END USB_OTG_FS_MspInit 0 */
  72:Core/Src/usb_otg.c ****   /** Initializes the peripherals clock
  73:Core/Src/usb_otg.c ****   */
  74:Core/Src/usb_otg.c ****     PeriphClkInitStruct.PeriphClockSelection = RCC_PERIPHCLK_USB;
  75:Core/Src/usb_otg.c ****     PeriphClkInitStruct.UsbClockSelection = RCC_USBCLKSOURCE_PLL;
  76:Core/Src/usb_otg.c ****     if (HAL_RCCEx_PeriphCLKConfig(&PeriphClkInitStruct) != HAL_OK)
  77:Core/Src/usb_otg.c ****     {
  78:Core/Src/usb_otg.c ****       Error_Handler();
  79:Core/Src/usb_otg.c ****     }
  80:Core/Src/usb_otg.c ****   /** Enable USB Voltage detector
  81:Core/Src/usb_otg.c ****   */
ARM GAS  /var/folders/26/q55yrwgs1ql1lprjdslmzz800000gn/T//cckkGZGb.s 			page 5


  82:Core/Src/usb_otg.c ****     HAL_PWREx_EnableUSBVoltageDetector();
  83:Core/Src/usb_otg.c **** 
  84:Core/Src/usb_otg.c ****     __HAL_RCC_GPIOA_CLK_ENABLE();
  85:Core/Src/usb_otg.c ****     /**USB_OTG_FS GPIO Configuration
  86:Core/Src/usb_otg.c ****     PA8     ------> USB_OTG_FS_SOF
  87:Core/Src/usb_otg.c ****     PA9     ------> USB_OTG_FS_VBUS
  88:Core/Src/usb_otg.c ****     PA11     ------> USB_OTG_FS_DM
  89:Core/Src/usb_otg.c ****     PA12     ------> USB_OTG_FS_DP
  90:Core/Src/usb_otg.c ****     */
  91:Core/Src/usb_otg.c ****     GPIO_InitStruct.Pin = GPIO_PIN_8|GPIO_PIN_11|GPIO_PIN_12;
  92:Core/Src/usb_otg.c ****     GPIO_InitStruct.Mode = GPIO_MODE_AF_PP;
  93:Core/Src/usb_otg.c ****     GPIO_InitStruct.Pull = GPIO_NOPULL;
  94:Core/Src/usb_otg.c ****     GPIO_InitStruct.Speed = GPIO_SPEED_FREQ_LOW;
  95:Core/Src/usb_otg.c ****     GPIO_InitStruct.Alternate = GPIO_AF10_OTG1_FS;
  96:Core/Src/usb_otg.c ****     HAL_GPIO_Init(GPIOA, &GPIO_InitStruct);
  97:Core/Src/usb_otg.c **** 
  98:Core/Src/usb_otg.c ****     GPIO_InitStruct.Pin = GPIO_PIN_9;
  99:Core/Src/usb_otg.c ****     GPIO_InitStruct.Mode = GPIO_MODE_INPUT;
 100:Core/Src/usb_otg.c ****     GPIO_InitStruct.Pull = GPIO_NOPULL;
 101:Core/Src/usb_otg.c ****     HAL_GPIO_Init(GPIOA, &GPIO_InitStruct);
 102:Core/Src/usb_otg.c **** 
 103:Core/Src/usb_otg.c ****     /* USB_OTG_FS clock enable */
 104:Core/Src/usb_otg.c ****     __HAL_RCC_USB_OTG_FS_CLK_ENABLE();
 105:Core/Src/usb_otg.c ****   /* USER CODE BEGIN USB_OTG_FS_MspInit 1 */
 106:Core/Src/usb_otg.c **** 
 107:Core/Src/usb_otg.c ****   /* USER CODE END USB_OTG_FS_MspInit 1 */
 108:Core/Src/usb_otg.c ****   }
 109:Core/Src/usb_otg.c **** }
 150              		.loc 1 109 1 view .LVU39
 151 0022 36B0     		add	sp, sp, #216
 152              	.LCFI3:
 153              		.cfi_remember_state
 154              		.cfi_def_cfa_offset 16
 155              		@ sp needed
 156 0024 70BD     		pop	{r4, r5, r6, pc}
 157              	.LVL6:
 158              	.L11:
 159              	.LCFI4:
 160              		.cfi_restore_state
  74:Core/Src/usb_otg.c ****     PeriphClkInitStruct.UsbClockSelection = RCC_USBCLKSOURCE_PLL;
 161              		.loc 1 74 5 is_stmt 1 view .LVU40
  74:Core/Src/usb_otg.c ****     PeriphClkInitStruct.UsbClockSelection = RCC_USBCLKSOURCE_PLL;
 162              		.loc 1 74 46 is_stmt 0 view .LVU41
 163 0026 4FF48023 		mov	r3, #262144
 164 002a 0293     		str	r3, [sp, #8]
  75:Core/Src/usb_otg.c ****     if (HAL_RCCEx_PeriphCLKConfig(&PeriphClkInitStruct) != HAL_OK)
 165              		.loc 1 75 5 is_stmt 1 view .LVU42
  75:Core/Src/usb_otg.c ****     if (HAL_RCCEx_PeriphCLKConfig(&PeriphClkInitStruct) != HAL_OK)
 166              		.loc 1 75 43 is_stmt 0 view .LVU43
 167 002c 4FF48013 		mov	r3, #1048576
 168 0030 2393     		str	r3, [sp, #140]
  76:Core/Src/usb_otg.c ****     {
 169              		.loc 1 76 5 is_stmt 1 view .LVU44
  76:Core/Src/usb_otg.c ****     {
 170              		.loc 1 76 9 is_stmt 0 view .LVU45
 171 0032 02A8     		add	r0, sp, #8
 172 0034 FFF7FEFF 		bl	HAL_RCCEx_PeriphCLKConfig
ARM GAS  /var/folders/26/q55yrwgs1ql1lprjdslmzz800000gn/T//cckkGZGb.s 			page 6


 173              	.LVL7:
  76:Core/Src/usb_otg.c ****     {
 174              		.loc 1 76 8 view .LVU46
 175 0038 0028     		cmp	r0, #0
 176 003a 33D1     		bne	.L12
 177              	.L9:
  82:Core/Src/usb_otg.c **** 
 178              		.loc 1 82 5 is_stmt 1 view .LVU47
 179 003c FFF7FEFF 		bl	HAL_PWREx_EnableUSBVoltageDetector
 180              	.LVL8:
  84:Core/Src/usb_otg.c ****     /**USB_OTG_FS GPIO Configuration
 181              		.loc 1 84 5 view .LVU48
 182              	.LBB2:
  84:Core/Src/usb_otg.c ****     /**USB_OTG_FS GPIO Configuration
 183              		.loc 1 84 5 view .LVU49
  84:Core/Src/usb_otg.c ****     /**USB_OTG_FS GPIO Configuration
 184              		.loc 1 84 5 view .LVU50
 185 0040 1B4C     		ldr	r4, .L13+4
 186              	.LVL9:
  84:Core/Src/usb_otg.c ****     /**USB_OTG_FS GPIO Configuration
 187              		.loc 1 84 5 is_stmt 0 view .LVU51
 188 0042 D4F8E030 		ldr	r3, [r4, #224]
 189 0046 43F00103 		orr	r3, r3, #1
 190 004a C4F8E030 		str	r3, [r4, #224]
  84:Core/Src/usb_otg.c ****     /**USB_OTG_FS GPIO Configuration
 191              		.loc 1 84 5 is_stmt 1 view .LVU52
 192 004e D4F8E030 		ldr	r3, [r4, #224]
 193 0052 03F00103 		and	r3, r3, #1
 194 0056 0093     		str	r3, [sp]
  84:Core/Src/usb_otg.c ****     /**USB_OTG_FS GPIO Configuration
 195              		.loc 1 84 5 view .LVU53
 196 0058 009B     		ldr	r3, [sp]
 197              	.LBE2:
  84:Core/Src/usb_otg.c ****     /**USB_OTG_FS GPIO Configuration
 198              		.loc 1 84 5 view .LVU54
  91:Core/Src/usb_otg.c ****     GPIO_InitStruct.Mode = GPIO_MODE_AF_PP;
 199              		.loc 1 91 5 view .LVU55
  91:Core/Src/usb_otg.c ****     GPIO_InitStruct.Mode = GPIO_MODE_AF_PP;
 200              		.loc 1 91 25 is_stmt 0 view .LVU56
 201 005a 4FF4C853 		mov	r3, #6400
 202 005e 3193     		str	r3, [sp, #196]
  92:Core/Src/usb_otg.c ****     GPIO_InitStruct.Pull = GPIO_NOPULL;
 203              		.loc 1 92 5 is_stmt 1 view .LVU57
  92:Core/Src/usb_otg.c ****     GPIO_InitStruct.Pull = GPIO_NOPULL;
 204              		.loc 1 92 26 is_stmt 0 view .LVU58
 205 0060 0223     		movs	r3, #2
 206 0062 3293     		str	r3, [sp, #200]
  93:Core/Src/usb_otg.c ****     GPIO_InitStruct.Speed = GPIO_SPEED_FREQ_LOW;
 207              		.loc 1 93 5 is_stmt 1 view .LVU59
  93:Core/Src/usb_otg.c ****     GPIO_InitStruct.Speed = GPIO_SPEED_FREQ_LOW;
 208              		.loc 1 93 26 is_stmt 0 view .LVU60
 209 0064 0025     		movs	r5, #0
 210 0066 3395     		str	r5, [sp, #204]
  94:Core/Src/usb_otg.c ****     GPIO_InitStruct.Alternate = GPIO_AF10_OTG1_FS;
 211              		.loc 1 94 5 is_stmt 1 view .LVU61
  94:Core/Src/usb_otg.c ****     GPIO_InitStruct.Alternate = GPIO_AF10_OTG1_FS;
 212              		.loc 1 94 27 is_stmt 0 view .LVU62
ARM GAS  /var/folders/26/q55yrwgs1ql1lprjdslmzz800000gn/T//cckkGZGb.s 			page 7


 213 0068 3495     		str	r5, [sp, #208]
  95:Core/Src/usb_otg.c ****     HAL_GPIO_Init(GPIOA, &GPIO_InitStruct);
 214              		.loc 1 95 5 is_stmt 1 view .LVU63
  95:Core/Src/usb_otg.c ****     HAL_GPIO_Init(GPIOA, &GPIO_InitStruct);
 215              		.loc 1 95 31 is_stmt 0 view .LVU64
 216 006a 0A23     		movs	r3, #10
 217 006c 3593     		str	r3, [sp, #212]
  96:Core/Src/usb_otg.c **** 
 218              		.loc 1 96 5 is_stmt 1 view .LVU65
 219 006e 114E     		ldr	r6, .L13+8
 220 0070 31A9     		add	r1, sp, #196
 221 0072 3046     		mov	r0, r6
 222 0074 FFF7FEFF 		bl	HAL_GPIO_Init
 223              	.LVL10:
  98:Core/Src/usb_otg.c ****     GPIO_InitStruct.Mode = GPIO_MODE_INPUT;
 224              		.loc 1 98 5 view .LVU66
  98:Core/Src/usb_otg.c ****     GPIO_InitStruct.Mode = GPIO_MODE_INPUT;
 225              		.loc 1 98 25 is_stmt 0 view .LVU67
 226 0078 4FF40073 		mov	r3, #512
 227 007c 3193     		str	r3, [sp, #196]
  99:Core/Src/usb_otg.c ****     GPIO_InitStruct.Pull = GPIO_NOPULL;
 228              		.loc 1 99 5 is_stmt 1 view .LVU68
  99:Core/Src/usb_otg.c ****     GPIO_InitStruct.Pull = GPIO_NOPULL;
 229              		.loc 1 99 26 is_stmt 0 view .LVU69
 230 007e 3295     		str	r5, [sp, #200]
 100:Core/Src/usb_otg.c ****     HAL_GPIO_Init(GPIOA, &GPIO_InitStruct);
 231              		.loc 1 100 5 is_stmt 1 view .LVU70
 100:Core/Src/usb_otg.c ****     HAL_GPIO_Init(GPIOA, &GPIO_InitStruct);
 232              		.loc 1 100 26 is_stmt 0 view .LVU71
 233 0080 3395     		str	r5, [sp, #204]
 101:Core/Src/usb_otg.c **** 
 234              		.loc 1 101 5 is_stmt 1 view .LVU72
 235 0082 31A9     		add	r1, sp, #196
 236 0084 3046     		mov	r0, r6
 237 0086 FFF7FEFF 		bl	HAL_GPIO_Init
 238              	.LVL11:
 104:Core/Src/usb_otg.c ****   /* USER CODE BEGIN USB_OTG_FS_MspInit 1 */
 239              		.loc 1 104 5 view .LVU73
 240              	.LBB3:
 104:Core/Src/usb_otg.c ****   /* USER CODE BEGIN USB_OTG_FS_MspInit 1 */
 241              		.loc 1 104 5 view .LVU74
 104:Core/Src/usb_otg.c ****   /* USER CODE BEGIN USB_OTG_FS_MspInit 1 */
 242              		.loc 1 104 5 view .LVU75
 243 008a D4F8D830 		ldr	r3, [r4, #216]
 244 008e 43F00063 		orr	r3, r3, #134217728
 245 0092 C4F8D830 		str	r3, [r4, #216]
 104:Core/Src/usb_otg.c ****   /* USER CODE BEGIN USB_OTG_FS_MspInit 1 */
 246              		.loc 1 104 5 view .LVU76
 247 0096 D4F8D830 		ldr	r3, [r4, #216]
 248 009a 03F00063 		and	r3, r3, #134217728
 249 009e 0193     		str	r3, [sp, #4]
 104:Core/Src/usb_otg.c ****   /* USER CODE BEGIN USB_OTG_FS_MspInit 1 */
 250              		.loc 1 104 5 view .LVU77
 251 00a0 019B     		ldr	r3, [sp, #4]
 252              	.LBE3:
 104:Core/Src/usb_otg.c ****   /* USER CODE BEGIN USB_OTG_FS_MspInit 1 */
 253              		.loc 1 104 5 view .LVU78
ARM GAS  /var/folders/26/q55yrwgs1ql1lprjdslmzz800000gn/T//cckkGZGb.s 			page 8


 254              		.loc 1 109 1 is_stmt 0 view .LVU79
 255 00a2 BEE7     		b	.L7
 256              	.LVL12:
 257              	.L12:
  78:Core/Src/usb_otg.c ****     }
 258              		.loc 1 78 7 is_stmt 1 view .LVU80
 259 00a4 FFF7FEFF 		bl	Error_Handler
 260              	.LVL13:
 261 00a8 C8E7     		b	.L9
 262              	.L14:
 263 00aa 00BF     		.align	2
 264              	.L13:
 265 00ac 00000840 		.word	1074266112
 266 00b0 00440258 		.word	1476543488
 267 00b4 00000258 		.word	1476526080
 268              		.cfi_endproc
 269              	.LFE145:
 271              		.section	.text.HAL_PCD_MspDeInit,"ax",%progbits
 272              		.align	1
 273              		.global	HAL_PCD_MspDeInit
 274              		.syntax unified
 275              		.thumb
 276              		.thumb_func
 278              	HAL_PCD_MspDeInit:
 279              	.LVL14:
 280              	.LFB146:
 110:Core/Src/usb_otg.c **** 
 111:Core/Src/usb_otg.c **** void HAL_PCD_MspDeInit(PCD_HandleTypeDef* pcdHandle)
 112:Core/Src/usb_otg.c **** {
 281              		.loc 1 112 1 view -0
 282              		.cfi_startproc
 283              		@ args = 0, pretend = 0, frame = 0
 284              		@ frame_needed = 0, uses_anonymous_args = 0
 285              		.loc 1 112 1 is_stmt 0 view .LVU82
 286 0000 08B5     		push	{r3, lr}
 287              	.LCFI5:
 288              		.cfi_def_cfa_offset 8
 289              		.cfi_offset 3, -8
 290              		.cfi_offset 14, -4
 113:Core/Src/usb_otg.c **** 
 114:Core/Src/usb_otg.c ****   if(pcdHandle->Instance==USB_OTG_FS)
 291              		.loc 1 114 3 is_stmt 1 view .LVU83
 292              		.loc 1 114 15 is_stmt 0 view .LVU84
 293 0002 0268     		ldr	r2, [r0]
 294              		.loc 1 114 5 view .LVU85
 295 0004 084B     		ldr	r3, .L19
 296 0006 9A42     		cmp	r2, r3
 297 0008 00D0     		beq	.L18
 298              	.LVL15:
 299              	.L15:
 115:Core/Src/usb_otg.c ****   {
 116:Core/Src/usb_otg.c ****   /* USER CODE BEGIN USB_OTG_FS_MspDeInit 0 */
 117:Core/Src/usb_otg.c **** 
 118:Core/Src/usb_otg.c ****   /* USER CODE END USB_OTG_FS_MspDeInit 0 */
 119:Core/Src/usb_otg.c ****     /* Peripheral clock disable */
 120:Core/Src/usb_otg.c ****     __HAL_RCC_USB_OTG_FS_CLK_DISABLE();
 121:Core/Src/usb_otg.c **** 
ARM GAS  /var/folders/26/q55yrwgs1ql1lprjdslmzz800000gn/T//cckkGZGb.s 			page 9


 122:Core/Src/usb_otg.c ****     /**USB_OTG_FS GPIO Configuration
 123:Core/Src/usb_otg.c ****     PA8     ------> USB_OTG_FS_SOF
 124:Core/Src/usb_otg.c ****     PA9     ------> USB_OTG_FS_VBUS
 125:Core/Src/usb_otg.c ****     PA11     ------> USB_OTG_FS_DM
 126:Core/Src/usb_otg.c ****     PA12     ------> USB_OTG_FS_DP
 127:Core/Src/usb_otg.c ****     */
 128:Core/Src/usb_otg.c ****     HAL_GPIO_DeInit(GPIOA, GPIO_PIN_8|GPIO_PIN_9|GPIO_PIN_11|GPIO_PIN_12);
 129:Core/Src/usb_otg.c **** 
 130:Core/Src/usb_otg.c ****   /* USER CODE BEGIN USB_OTG_FS_MspDeInit 1 */
 131:Core/Src/usb_otg.c **** 
 132:Core/Src/usb_otg.c ****   /* USER CODE END USB_OTG_FS_MspDeInit 1 */
 133:Core/Src/usb_otg.c ****   }
 134:Core/Src/usb_otg.c **** }
 300              		.loc 1 134 1 view .LVU86
 301 000a 08BD     		pop	{r3, pc}
 302              	.LVL16:
 303              	.L18:
 120:Core/Src/usb_otg.c **** 
 304              		.loc 1 120 5 is_stmt 1 view .LVU87
 305 000c 074A     		ldr	r2, .L19+4
 306 000e D2F8D830 		ldr	r3, [r2, #216]
 307 0012 23F00063 		bic	r3, r3, #134217728
 308 0016 C2F8D830 		str	r3, [r2, #216]
 128:Core/Src/usb_otg.c **** 
 309              		.loc 1 128 5 view .LVU88
 310 001a 4FF4D851 		mov	r1, #6912
 311 001e 0448     		ldr	r0, .L19+8
 312              	.LVL17:
 128:Core/Src/usb_otg.c **** 
 313              		.loc 1 128 5 is_stmt 0 view .LVU89
 314 0020 FFF7FEFF 		bl	HAL_GPIO_DeInit
 315              	.LVL18:
 316              		.loc 1 134 1 view .LVU90
 317 0024 F1E7     		b	.L15
 318              	.L20:
 319 0026 00BF     		.align	2
 320              	.L19:
 321 0028 00000840 		.word	1074266112
 322 002c 00440258 		.word	1476543488
 323 0030 00000258 		.word	1476526080
 324              		.cfi_endproc
 325              	.LFE146:
 327              		.global	hpcd_USB_OTG_FS
 328              		.section	.bss.hpcd_USB_OTG_FS,"aw",%nobits
 329              		.align	2
 330              		.set	.LANCHOR0,. + 0
 333              	hpcd_USB_OTG_FS:
 334 0000 00000000 		.space	1032
 334      00000000 
 334      00000000 
 334      00000000 
 334      00000000 
 335              		.text
 336              	.Letext0:
 337              		.file 2 "/usr/local/Cellar/arm-gcc-bin@10/10.3-2021.10_1/arm-none-eabi/include/machine/_default_ty
 338              		.file 3 "/usr/local/Cellar/arm-gcc-bin@10/10.3-2021.10_1/arm-none-eabi/include/sys/_stdint.h"
 339              		.file 4 "Drivers/CMSIS/Device/ST/STM32H7xx/Include/stm32h743xx.h"
ARM GAS  /var/folders/26/q55yrwgs1ql1lprjdslmzz800000gn/T//cckkGZGb.s 			page 10


 340              		.file 5 "Drivers/CMSIS/Device/ST/STM32H7xx/Include/stm32h7xx.h"
 341              		.file 6 "Drivers/STM32H7xx_HAL_Driver/Inc/stm32h7xx_hal_def.h"
 342              		.file 7 "Drivers/STM32H7xx_HAL_Driver/Inc/stm32h7xx_hal_rcc_ex.h"
 343              		.file 8 "Drivers/STM32H7xx_HAL_Driver/Inc/stm32h7xx_hal_gpio.h"
 344              		.file 9 "Drivers/STM32H7xx_HAL_Driver/Inc/stm32h7xx_ll_usb.h"
 345              		.file 10 "Drivers/STM32H7xx_HAL_Driver/Inc/stm32h7xx_hal_pcd.h"
 346              		.file 11 "Drivers/STM32H7xx_HAL_Driver/Inc/stm32h7xx_hal_pwr_ex.h"
 347              		.file 12 "Core/Inc/main.h"
 348              		.file 13 "Core/Inc/usb_otg.h"
 349              		.file 14 "<built-in>"
ARM GAS  /var/folders/26/q55yrwgs1ql1lprjdslmzz800000gn/T//cckkGZGb.s 			page 11


DEFINED SYMBOLS
                            *ABS*:0000000000000000 usb_otg.c
/var/folders/26/q55yrwgs1ql1lprjdslmzz800000gn/T//cckkGZGb.s:19     .text.MX_USB_OTG_FS_PCD_Init:0000000000000000 $t
/var/folders/26/q55yrwgs1ql1lprjdslmzz800000gn/T//cckkGZGb.s:25     .text.MX_USB_OTG_FS_PCD_Init:0000000000000000 MX_USB_OTG_FS_PCD_Init
/var/folders/26/q55yrwgs1ql1lprjdslmzz800000gn/T//cckkGZGb.s:94     .text.MX_USB_OTG_FS_PCD_Init:0000000000000034 $d
/var/folders/26/q55yrwgs1ql1lprjdslmzz800000gn/T//cckkGZGb.s:100    .text.HAL_PCD_MspInit:0000000000000000 $t
/var/folders/26/q55yrwgs1ql1lprjdslmzz800000gn/T//cckkGZGb.s:106    .text.HAL_PCD_MspInit:0000000000000000 HAL_PCD_MspInit
/var/folders/26/q55yrwgs1ql1lprjdslmzz800000gn/T//cckkGZGb.s:265    .text.HAL_PCD_MspInit:00000000000000ac $d
/var/folders/26/q55yrwgs1ql1lprjdslmzz800000gn/T//cckkGZGb.s:272    .text.HAL_PCD_MspDeInit:0000000000000000 $t
/var/folders/26/q55yrwgs1ql1lprjdslmzz800000gn/T//cckkGZGb.s:278    .text.HAL_PCD_MspDeInit:0000000000000000 HAL_PCD_MspDeInit
/var/folders/26/q55yrwgs1ql1lprjdslmzz800000gn/T//cckkGZGb.s:321    .text.HAL_PCD_MspDeInit:0000000000000028 $d
/var/folders/26/q55yrwgs1ql1lprjdslmzz800000gn/T//cckkGZGb.s:333    .bss.hpcd_USB_OTG_FS:0000000000000000 hpcd_USB_OTG_FS
/var/folders/26/q55yrwgs1ql1lprjdslmzz800000gn/T//cckkGZGb.s:329    .bss.hpcd_USB_OTG_FS:0000000000000000 $d

UNDEFINED SYMBOLS
HAL_PCD_Init
Error_Handler
memset
HAL_RCCEx_PeriphCLKConfig
HAL_PWREx_EnableUSBVoltageDetector
HAL_GPIO_Init
HAL_GPIO_DeInit
